[debug] [2020-04-29T04:32:13.894Z] ----------------------------------------------------------------------
[debug] [2020-04-29T04:32:13.896Z] Command:       /home/samuel/.nvm/versions/node/v12.16.2/bin/node /mnt/c/MAMP/htdocs/portfolio/node_modules/.bin/firebase deploy
[debug] [2020-04-29T04:32:13.896Z] CLI Version:   6.12.0
[debug] [2020-04-29T04:32:13.896Z] Platform:      linux
[debug] [2020-04-29T04:32:13.896Z] Node Version:  v12.16.2
[debug] [2020-04-29T04:32:13.897Z] Time:          Wed Apr 29 2020 00:32:13 GMT-0400 (Eastern Daylight Time)
[debug] [2020-04-29T04:32:13.897Z] ----------------------------------------------------------------------
[debug] 
[debug] [2020-04-29T04:32:13.903Z] > command requires scopes: ["email","openid","https://www.googleapis.com/auth/cloudplatformprojects.readonly","https://www.googleapis.com/auth/firebase","https://www.googleapis.com/auth/cloud-platform"]
[debug] [2020-04-29T04:32:13.903Z] > authorizing via signed-in user
[debug] [2020-04-29T04:32:13.903Z] [iam] checking project portfolio-7fd42 for permissions ["cloudfunctions.functions.create","cloudfunctions.functions.delete","cloudfunctions.functions.get","cloudfunctions.functions.list","cloudfunctions.functions.update","cloudfunctions.operations.get","firebase.projects.get","firebasehosting.sites.update"]
[debug] [2020-04-29T04:32:13.905Z] >>> HTTP REQUEST POST https://cloudresourcemanager.googleapis.com/v1/projects/portfolio-7fd42:testIamPermissions  

[debug] [2020-04-29T04:32:14.190Z] <<< HTTP RESPONSE 200
[debug] [2020-04-29T04:32:14.194Z] >>> HTTP REQUEST GET https://firebase.googleapis.com/v1beta1/projects/portfolio-7fd42  
 
[debug] [2020-04-29T04:32:14.487Z] <<< HTTP RESPONSE 200
[warn] ⚠  functions: package.json indicates an outdated version of firebase-functions.
 Please upgrade using npm install --save firebase-functions@latest in your functions directory.
[info] 
[info] === Deploying to 'portfolio-7fd42'...
[info] 
[info] i  deploying functions, hosting
[debug] [2020-04-29T04:32:15.223Z] > [functions] package.json contents: {
  "name": "with-firebase-hosting",
  "version": "4.0.1",
  "description": "Host Next.js SSR app on Firebase Cloud Functions with Firebase Hosting redirects.",
  "engines": {
    "node": "10"
  },
  "scripts": {
    "dev": "next \"src/app/\"",
    "preserve": "npm run build-public && npm run build-funcs && npm run build-app && npm run copy-deps && npm run install-deps",
    "serve": "cross-env NODE_ENV=production firebase serve",
    "predeploy": "npm run build-public && npm run build-funcs && npm run build-app && npm run copy-deps",
    "deploy": "NODE_ENV=production firebase deploy",
    "clean": "rimraf \"dist/functions/**\" && rimraf \"dist/public\"",
    "build-public": "cpx \"src/app/public/**/*.*\" \"dist/public\" -C",
    "build-funcs": "babel \"src/functions\" --out-dir \"dist/functions\"",
    "build-app": "next build \"src/app/\"",
    "copy-deps": "cpx \"*{package.json,package-lock.json,yarn.lock}\" \"dist/functions\" -C",
    "install-deps": "cd \"dist/functions\" && npm i"
  },
  "dependencies": {
    "@types/firebase": "^3.2.1",
    "@zeit/next-sass": "^1.0.1",
    "firebase": "^7.14.2",
    "firebase-admin": "^8.9.0",
    "firebase-functions": "^2.1.0",
    "grpc": "^1.22.2",
    "moment": "^2.24.0",
    "next": "latest",
    "node-sass": "^4.14.0",
    "react": "^16.7.0",
    "react-dom": "^16.7.0",
    "sass": "^1.26.5"
  },
  "devDependencies": {
    "@babel/cli": "^7.2.0",
    "@svgr/webpack": "^5.4.0",
    "@types/react": "^16.9.34",
    "babel-plugin-inline-react-svg": "^1.1.1",
    "cpx": "^1.5.0",
    "cross-env": "^5.2.0",
    "firebase-functions-test": "^0.1.6",
    "firebase-tools": "^6.1.0",
    "rimraf": "^2.6.0",
    "svg-react-loader": "^0.4.6",
    "typescript": "^3.8.3",
    "url-loader": "^4.1.0"
  }
}
[info] i  functions: ensuring necessary APIs are enabled...
[debug] [2020-04-29T04:32:15.238Z] >>> HTTP REQUEST GET https://servicemanagement.googleapis.com/v1/services/cloudfunctions.googleapis.com/projectSettings/portfolio-7fd42?view=CONSUMER_VIEW  
 
[debug] [2020-04-29T04:32:15.238Z] >>> HTTP REQUEST GET https://servicemanagement.googleapis.com/v1/services/runtimeconfig.googleapis.com/projectSettings/portfolio-7fd42?view=CONSUMER_VIEW  
 
[debug] [2020-04-29T04:32:15.799Z] <<< HTTP RESPONSE 200
[debug] [2020-04-29T04:32:15.947Z] <<< HTTP RESPONSE 200
[info] ✔  functions: all necessary APIs are enabled
[debug] [2020-04-29T04:32:15.952Z] >>> HTTP REQUEST GET https://cloudresourcemanager.googleapis.com/v1/projects/portfolio-7fd42  
 
[debug] [2020-04-29T04:32:16.290Z] <<< HTTP RESPONSE 200
[debug] [2020-04-29T04:32:16.291Z] >>> HTTP REQUEST GET https://mobilesdk-pa.googleapis.com/v1/projects/1072905933783:getServerAppConfig  
 
[debug] [2020-04-29T04:32:16.457Z] <<< HTTP RESPONSE 200
[debug] [2020-04-29T04:32:16.460Z] >>> HTTP REQUEST POST https://firebasehosting.googleapis.com/v1beta1/sites/portfolio-7fd42/versions  

[debug] [2020-04-29T04:32:17.423Z] <<< HTTP RESPONSE 200
[info] i  functions: preparing dist/functions directory for uploading...
[debug] [2020-04-29T04:32:17.433Z] >>> HTTP REQUEST GET https://runtimeconfig.googleapis.com/v1beta1/projects/portfolio-7fd42/configs  
 
[debug] [2020-04-29T04:32:18.312Z] <<< HTTP RESPONSE 200
[info] i  functions: packaged dist/functions (8.33 MB) for uploading
[debug] [2020-04-29T04:32:19.870Z] >>> HTTP REQUEST POST https://cloudfunctions.googleapis.com/v1/projects/portfolio-7fd42/locations/us-central1/functions:generateUploadUrl  
 
[debug] [2020-04-29T04:32:20.641Z] <<< HTTP RESPONSE 200
[debug] [2020-04-29T04:32:20.642Z] >>> HTTP REQUEST PUT https://storage.googleapis.com/gcf-upload-us-central1-e5d68c7b-bd18-455d-a5e0-6f48eb0d89e2/cd6b20df-3732-4393-83b8-79c72157ae4a.zip?GoogleAccessId=service-1072905933783@gcf-admin-robot.iam.gserviceaccount.com&Expires=1588136541&Signature=dCRDZrW%2B3BQxEeOtVIzAtd%2FZDsJKfsDYThlhWA5dWBQeh7Jkbv73xo8osRmH666bJ%2B%2FmBbXpijWw%2BvVu2ST6r5v1%2FEI8M966QCB9YhDsgm%2BrE5Ox00mQ5Wekfk5D%2FpkqjehBOoN%2BDXZmKuLwxlow3HkEjbQ22FVO08%2F90g%2BXYrhSdMfi15wlT%2BsV3EpaY41p9wludzzSIAUPZ8C%2Fjs8v8AM2bsOQ8wOAwF5xGWLJOYDIIZgUOk4AoqrshFM1H4%2BSwBiJHytunPBTYpolkvrZSPUhmOBkoTmJDGCHMe1LP4Bg1Ehv0CUOM9gdKuKUl8wFfMsM7DOhaOkdHqh9c7fCbw%3D%3D  

[debug] [2020-04-29T04:32:22.178Z] <<< HTTP RESPONSE 200
[info] ✔  functions: dist/functions folder uploaded successfully
[info] i  hosting[portfolio-7fd42]: beginning deploy...
[info] i  hosting[portfolio-7fd42]: found 7 files in dist/public
[debug] [2020-04-29T04:32:22.235Z] [hosting] hash cache [ZGlzdC9wdWJsaWM] not populated
[debug] [2020-04-29T04:32:22.255Z] [hosting] hash cache [ZGlzdC9wdWJsaWM] stored for 7 files
[debug] [2020-04-29T04:32:22.255Z] [hosting][hash queue][FINAL]
[debug] [2020-04-29T04:32:22.256Z] >>> HTTP REQUEST POST https://firebasehosting.googleapis.com/v1beta1/sites/portfolio-7fd42/versions/b5ac6debfb2ca75d:populateFiles  
 <request body omitted>
[debug] [2020-04-29T04:32:22.772Z] <<< HTTP RESPONSE 200
[debug] [2020-04-29T04:32:22.779Z] [hosting][populate queue][FINAL]
[debug] [2020-04-29T04:32:22.779Z] [hosting] uploads queued: 6
[debug] [2020-04-29T04:32:23.918Z] [hosting][upload queue][FINAL]
[info] ✔  hosting[portfolio-7fd42]: file upload complete
[debug] [2020-04-29T04:32:23.920Z] [hosting] deploy completed after 1734ms
[debug] [2020-04-29T04:32:23.994Z] >>> HTTP REQUEST GET https://cloudfunctions.googleapis.com/v1/projects/portfolio-7fd42/locations/-/functions  
 
[debug] [2020-04-29T04:32:24.536Z] <<< HTTP RESPONSE 200
[info] i  functions: updating Node.js 10 (Beta) function next(us-central1)...
[debug] [2020-04-29T04:32:24.545Z] Trigger is:  {"httpsTrigger":{}}
[debug] [2020-04-29T04:32:24.548Z] >>> HTTP REQUEST GET https://servicemanagement.googleapis.com/v1/services/cloudscheduler.googleapis.com/projectSettings/portfolio-7fd42?view=CONSUMER_VIEW  
 
[debug] [2020-04-29T04:32:25.322Z] <<< HTTP RESPONSE 200
[debug] [2020-04-29T04:32:25.324Z] >>> HTTP REQUEST PATCH https://cloudfunctions.googleapis.com/v1/projects/portfolio-7fd42/locations/us-central1/functions/next {"updateMask":"sourceUploadUrl,name,labels,runtime,httpsTrigger"} 

[debug] [2020-04-29T04:32:26.123Z] <<< HTTP RESPONSE 200
[debug] [2020-04-29T04:32:26.125Z] >>> HTTP REQUEST GET https://cloudfunctions.googleapis.com/v1/projects/portfolio-7fd42/locations/-/functions  
 
[debug] [2020-04-29T04:32:26.629Z] <<< HTTP RESPONSE 200
[debug] [2020-04-29T04:32:26.631Z] >>> HTTP REQUEST GET https://cloudfunctions.googleapis.com/v1/operations/cG9ydGZvbGlvLTdmZDQyL3VzLWNlbnRyYWwxL25leHQvaHZsZEs2ajV3WFE  
 
[debug] [2020-04-29T04:32:27.010Z] <<< HTTP RESPONSE 200
[debug] [2020-04-29T04:32:29.012Z] >>> HTTP REQUEST GET https://cloudfunctions.googleapis.com/v1/operations/cG9ydGZvbGlvLTdmZDQyL3VzLWNlbnRyYWwxL25leHQvaHZsZEs2ajV3WFE  
 
[debug] [2020-04-29T04:32:29.407Z] <<< HTTP RESPONSE 200
[debug] [2020-04-29T04:32:31.409Z] >>> HTTP REQUEST GET https://cloudfunctions.googleapis.com/v1/operations/cG9ydGZvbGlvLTdmZDQyL3VzLWNlbnRyYWwxL25leHQvaHZsZEs2ajV3WFE  
 
[debug] [2020-04-29T04:32:31.794Z] <<< HTTP RESPONSE 200
[debug] [2020-04-29T04:32:33.795Z] >>> HTTP REQUEST GET https://cloudfunctions.googleapis.com/v1/operations/cG9ydGZvbGlvLTdmZDQyL3VzLWNlbnRyYWwxL25leHQvaHZsZEs2ajV3WFE  
 
[debug] [2020-04-29T04:32:34.170Z] <<< HTTP RESPONSE 200
[debug] [2020-04-29T04:32:36.172Z] >>> HTTP REQUEST GET https://cloudfunctions.googleapis.com/v1/operations/cG9ydGZvbGlvLTdmZDQyL3VzLWNlbnRyYWwxL25leHQvaHZsZEs2ajV3WFE  
 
[debug] [2020-04-29T04:32:36.522Z] <<< HTTP RESPONSE 200
[debug] [2020-04-29T04:32:38.524Z] >>> HTTP REQUEST GET https://cloudfunctions.googleapis.com/v1/operations/cG9ydGZvbGlvLTdmZDQyL3VzLWNlbnRyYWwxL25leHQvaHZsZEs2ajV3WFE  
 
[debug] [2020-04-29T04:32:38.917Z] <<< HTTP RESPONSE 200
[debug] [2020-04-29T04:32:40.919Z] >>> HTTP REQUEST GET https://cloudfunctions.googleapis.com/v1/operations/cG9ydGZvbGlvLTdmZDQyL3VzLWNlbnRyYWwxL25leHQvaHZsZEs2ajV3WFE  
 
[debug] [2020-04-29T04:32:41.284Z] <<< HTTP RESPONSE 200
[debug] [2020-04-29T04:32:43.286Z] >>> HTTP REQUEST GET https://cloudfunctions.googleapis.com/v1/operations/cG9ydGZvbGlvLTdmZDQyL3VzLWNlbnRyYWwxL25leHQvaHZsZEs2ajV3WFE  
 
[debug] [2020-04-29T04:32:43.643Z] <<< HTTP RESPONSE 200
[debug] [2020-04-29T04:32:45.645Z] >>> HTTP REQUEST GET https://cloudfunctions.googleapis.com/v1/operations/cG9ydGZvbGlvLTdmZDQyL3VzLWNlbnRyYWwxL25leHQvaHZsZEs2ajV3WFE  
 
[debug] [2020-04-29T04:32:46.033Z] <<< HTTP RESPONSE 200
[debug] [2020-04-29T04:32:48.034Z] >>> HTTP REQUEST GET https://cloudfunctions.googleapis.com/v1/operations/cG9ydGZvbGlvLTdmZDQyL3VzLWNlbnRyYWwxL25leHQvaHZsZEs2ajV3WFE  
 
[debug] [2020-04-29T04:32:48.378Z] <<< HTTP RESPONSE 200
[debug] [2020-04-29T04:32:50.380Z] >>> HTTP REQUEST GET https://cloudfunctions.googleapis.com/v1/operations/cG9ydGZvbGlvLTdmZDQyL3VzLWNlbnRyYWwxL25leHQvaHZsZEs2ajV3WFE  
 
[debug] [2020-04-29T04:32:50.747Z] <<< HTTP RESPONSE 200
[debug] [2020-04-29T04:32:52.750Z] >>> HTTP REQUEST GET https://cloudfunctions.googleapis.com/v1/operations/cG9ydGZvbGlvLTdmZDQyL3VzLWNlbnRyYWwxL25leHQvaHZsZEs2ajV3WFE  
 
[debug] [2020-04-29T04:32:53.103Z] <<< HTTP RESPONSE 200
[debug] [2020-04-29T04:32:55.105Z] >>> HTTP REQUEST GET https://cloudfunctions.googleapis.com/v1/operations/cG9ydGZvbGlvLTdmZDQyL3VzLWNlbnRyYWwxL25leHQvaHZsZEs2ajV3WFE  
 
[debug] [2020-04-29T04:32:55.450Z] <<< HTTP RESPONSE 200
[debug] [2020-04-29T04:32:57.451Z] >>> HTTP REQUEST GET https://cloudfunctions.googleapis.com/v1/operations/cG9ydGZvbGlvLTdmZDQyL3VzLWNlbnRyYWwxL25leHQvaHZsZEs2ajV3WFE  
 
[debug] [2020-04-29T04:32:57.826Z] <<< HTTP RESPONSE 200
[debug] [2020-04-29T04:32:59.827Z] >>> HTTP REQUEST GET https://cloudfunctions.googleapis.com/v1/operations/cG9ydGZvbGlvLTdmZDQyL3VzLWNlbnRyYWwxL25leHQvaHZsZEs2ajV3WFE  
 
[debug] [2020-04-29T04:33:00.183Z] <<< HTTP RESPONSE 200
[debug] [2020-04-29T04:33:02.184Z] >>> HTTP REQUEST GET https://cloudfunctions.googleapis.com/v1/operations/cG9ydGZvbGlvLTdmZDQyL3VzLWNlbnRyYWwxL25leHQvaHZsZEs2ajV3WFE  
 
[debug] [2020-04-29T04:33:02.553Z] <<< HTTP RESPONSE 200
[debug] [2020-04-29T04:33:04.555Z] >>> HTTP REQUEST GET https://cloudfunctions.googleapis.com/v1/operations/cG9ydGZvbGlvLTdmZDQyL3VzLWNlbnRyYWwxL25leHQvaHZsZEs2ajV3WFE  
 
[debug] [2020-04-29T04:33:04.890Z] <<< HTTP RESPONSE 200
[debug] [2020-04-29T04:33:06.891Z] >>> HTTP REQUEST GET https://cloudfunctions.googleapis.com/v1/operations/cG9ydGZvbGlvLTdmZDQyL3VzLWNlbnRyYWwxL25leHQvaHZsZEs2ajV3WFE  
 
[debug] [2020-04-29T04:33:07.258Z] <<< HTTP RESPONSE 200
[debug] [2020-04-29T04:33:09.260Z] >>> HTTP REQUEST GET https://cloudfunctions.googleapis.com/v1/operations/cG9ydGZvbGlvLTdmZDQyL3VzLWNlbnRyYWwxL25leHQvaHZsZEs2ajV3WFE  
 
[debug] [2020-04-29T04:33:09.627Z] <<< HTTP RESPONSE 200
[debug] [2020-04-29T04:33:11.629Z] >>> HTTP REQUEST GET https://cloudfunctions.googleapis.com/v1/operations/cG9ydGZvbGlvLTdmZDQyL3VzLWNlbnRyYWwxL25leHQvaHZsZEs2ajV3WFE  
 
[debug] [2020-04-29T04:33:11.977Z] <<< HTTP RESPONSE 200
[debug] [2020-04-29T04:33:13.980Z] >>> HTTP REQUEST GET https://cloudfunctions.googleapis.com/v1/operations/cG9ydGZvbGlvLTdmZDQyL3VzLWNlbnRyYWwxL25leHQvaHZsZEs2ajV3WFE  
 
[debug] [2020-04-29T04:33:14.149Z] <<< HTTP RESPONSE 200
[debug] [2020-04-29T04:33:16.151Z] >>> HTTP REQUEST GET https://cloudfunctions.googleapis.com/v1/operations/cG9ydGZvbGlvLTdmZDQyL3VzLWNlbnRyYWwxL25leHQvaHZsZEs2ajV3WFE  
 
[debug] [2020-04-29T04:33:16.489Z] <<< HTTP RESPONSE 200
[debug] [2020-04-29T04:33:18.490Z] >>> HTTP REQUEST GET https://cloudfunctions.googleapis.com/v1/operations/cG9ydGZvbGlvLTdmZDQyL3VzLWNlbnRyYWwxL25leHQvaHZsZEs2ajV3WFE  
 
[debug] [2020-04-29T04:33:18.833Z] <<< HTTP RESPONSE 200
[debug] [2020-04-29T04:33:20.835Z] >>> HTTP REQUEST GET https://cloudfunctions.googleapis.com/v1/operations/cG9ydGZvbGlvLTdmZDQyL3VzLWNlbnRyYWwxL25leHQvaHZsZEs2ajV3WFE  
 
[debug] [2020-04-29T04:33:21.195Z] <<< HTTP RESPONSE 200
[debug] [2020-04-29T04:33:23.196Z] >>> HTTP REQUEST GET https://cloudfunctions.googleapis.com/v1/operations/cG9ydGZvbGlvLTdmZDQyL3VzLWNlbnRyYWwxL25leHQvaHZsZEs2ajV3WFE  
 
[debug] [2020-04-29T04:33:23.582Z] <<< HTTP RESPONSE 200
[debug] [2020-04-29T04:33:25.585Z] >>> HTTP REQUEST GET https://cloudfunctions.googleapis.com/v1/operations/cG9ydGZvbGlvLTdmZDQyL3VzLWNlbnRyYWwxL25leHQvaHZsZEs2ajV3WFE  
 
[debug] [2020-04-29T04:33:25.935Z] <<< HTTP RESPONSE 200
[debug] [2020-04-29T04:33:27.937Z] >>> HTTP REQUEST GET https://cloudfunctions.googleapis.com/v1/operations/cG9ydGZvbGlvLTdmZDQyL3VzLWNlbnRyYWwxL25leHQvaHZsZEs2ajV3WFE  
 
[debug] [2020-04-29T04:33:28.293Z] <<< HTTP RESPONSE 200
[debug] [2020-04-29T04:33:30.293Z] >>> HTTP REQUEST GET https://cloudfunctions.googleapis.com/v1/operations/cG9ydGZvbGlvLTdmZDQyL3VzLWNlbnRyYWwxL25leHQvaHZsZEs2ajV3WFE  
 
[debug] [2020-04-29T04:33:30.650Z] <<< HTTP RESPONSE 200
[debug] [2020-04-29T04:33:32.651Z] >>> HTTP REQUEST GET https://cloudfunctions.googleapis.com/v1/operations/cG9ydGZvbGlvLTdmZDQyL3VzLWNlbnRyYWwxL25leHQvaHZsZEs2ajV3WFE  
 
[debug] [2020-04-29T04:33:33.006Z] <<< HTTP RESPONSE 200
[debug] [2020-04-29T04:33:35.008Z] >>> HTTP REQUEST GET https://cloudfunctions.googleapis.com/v1/operations/cG9ydGZvbGlvLTdmZDQyL3VzLWNlbnRyYWwxL25leHQvaHZsZEs2ajV3WFE  
 
[debug] [2020-04-29T04:33:35.377Z] <<< HTTP RESPONSE 200
[debug] [2020-04-29T04:33:37.378Z] >>> HTTP REQUEST GET https://cloudfunctions.googleapis.com/v1/operations/cG9ydGZvbGlvLTdmZDQyL3VzLWNlbnRyYWwxL25leHQvaHZsZEs2ajV3WFE  
 
[debug] [2020-04-29T04:33:37.724Z] <<< HTTP RESPONSE 200
[debug] [2020-04-29T04:33:39.724Z] >>> HTTP REQUEST GET https://cloudfunctions.googleapis.com/v1/operations/cG9ydGZvbGlvLTdmZDQyL3VzLWNlbnRyYWwxL25leHQvaHZsZEs2ajV3WFE  
 
[debug] [2020-04-29T04:33:40.070Z] <<< HTTP RESPONSE 200
[debug] [2020-04-29T04:33:42.071Z] >>> HTTP REQUEST GET https://cloudfunctions.googleapis.com/v1/operations/cG9ydGZvbGlvLTdmZDQyL3VzLWNlbnRyYWwxL25leHQvaHZsZEs2ajV3WFE  
 
[debug] [2020-04-29T04:33:42.430Z] <<< HTTP RESPONSE 200
[debug] [2020-04-29T04:33:44.431Z] >>> HTTP REQUEST GET https://cloudfunctions.googleapis.com/v1/operations/cG9ydGZvbGlvLTdmZDQyL3VzLWNlbnRyYWwxL25leHQvaHZsZEs2ajV3WFE  
 
[debug] [2020-04-29T04:33:44.780Z] <<< HTTP RESPONSE 200
[debug] [2020-04-29T04:33:46.783Z] >>> HTTP REQUEST GET https://cloudfunctions.googleapis.com/v1/operations/cG9ydGZvbGlvLTdmZDQyL3VzLWNlbnRyYWwxL25leHQvaHZsZEs2ajV3WFE  
 
[debug] [2020-04-29T04:33:47.143Z] <<< HTTP RESPONSE 200
[debug] [2020-04-29T04:33:49.145Z] >>> HTTP REQUEST GET https://cloudfunctions.googleapis.com/v1/operations/cG9ydGZvbGlvLTdmZDQyL3VzLWNlbnRyYWwxL25leHQvaHZsZEs2ajV3WFE  
 
[debug] [2020-04-29T04:33:49.521Z] <<< HTTP RESPONSE 200
[debug] [2020-04-29T04:33:51.522Z] >>> HTTP REQUEST GET https://cloudfunctions.googleapis.com/v1/operations/cG9ydGZvbGlvLTdmZDQyL3VzLWNlbnRyYWwxL25leHQvaHZsZEs2ajV3WFE  
 
[debug] [2020-04-29T04:33:51.885Z] <<< HTTP RESPONSE 200
[debug] [2020-04-29T04:33:53.886Z] >>> HTTP REQUEST GET https://cloudfunctions.googleapis.com/v1/operations/cG9ydGZvbGlvLTdmZDQyL3VzLWNlbnRyYWwxL25leHQvaHZsZEs2ajV3WFE  
 
[debug] [2020-04-29T04:33:54.048Z] <<< HTTP RESPONSE 200
[debug] [2020-04-29T04:33:56.049Z] >>> HTTP REQUEST GET https://cloudfunctions.googleapis.com/v1/operations/cG9ydGZvbGlvLTdmZDQyL3VzLWNlbnRyYWwxL25leHQvaHZsZEs2ajV3WFE  
 
[debug] [2020-04-29T04:33:56.416Z] <<< HTTP RESPONSE 200
[debug] [2020-04-29T04:33:58.417Z] >>> HTTP REQUEST GET https://cloudfunctions.googleapis.com/v1/operations/cG9ydGZvbGlvLTdmZDQyL3VzLWNlbnRyYWwxL25leHQvaHZsZEs2ajV3WFE  
 
[debug] [2020-04-29T04:33:58.780Z] <<< HTTP RESPONSE 200
[debug] [2020-04-29T04:34:00.780Z] >>> HTTP REQUEST GET https://cloudfunctions.googleapis.com/v1/operations/cG9ydGZvbGlvLTdmZDQyL3VzLWNlbnRyYWwxL25leHQvaHZsZEs2ajV3WFE  
 
[debug] [2020-04-29T04:34:01.152Z] <<< HTTP RESPONSE 200
[debug] [2020-04-29T04:34:03.153Z] >>> HTTP REQUEST GET https://cloudfunctions.googleapis.com/v1/operations/cG9ydGZvbGlvLTdmZDQyL3VzLWNlbnRyYWwxL25leHQvaHZsZEs2ajV3WFE  
 
[debug] [2020-04-29T04:34:03.506Z] <<< HTTP RESPONSE 200
[debug] [2020-04-29T04:34:05.507Z] >>> HTTP REQUEST GET https://cloudfunctions.googleapis.com/v1/operations/cG9ydGZvbGlvLTdmZDQyL3VzLWNlbnRyYWwxL25leHQvaHZsZEs2ajV3WFE  
 
[debug] [2020-04-29T04:34:05.843Z] <<< HTTP RESPONSE 200
[debug] [2020-04-29T04:34:07.845Z] >>> HTTP REQUEST GET https://cloudfunctions.googleapis.com/v1/operations/cG9ydGZvbGlvLTdmZDQyL3VzLWNlbnRyYWwxL25leHQvaHZsZEs2ajV3WFE  
 
[debug] [2020-04-29T04:34:08.209Z] <<< HTTP RESPONSE 200
